<?xml version="1.0" encoding="UTF-8"?>
<testng-results ignored="0" total="1" passed="1" failed="0" skipped="0">
  <reporter-output>
  </reporter-output>
  <suite started-at="2026-03-13T14:01:32 IST" name="Surefire suite" finished-at="2026-03-13T14:01:35 IST" duration-ms="2167">
    <groups>
    </groups>
    <test started-at="2026-03-13T14:01:32 IST" name="Surefire test" finished-at="2026-03-13T14:01:35 IST" duration-ms="2167">
      <class name="com.nandini.automation.tests.LoginTests">
        <test-method is-config="true" signature="setup()[pri:0, instance:com.nandini.automation.tests.LoginTests@525f1e4e]" started-at="2026-03-13T14:01:32 IST" name="setup" finished-at="2026-03-13T14:01:34 IST" duration-ms="2058" status="PASS">
          <reporter-output>
          </reporter-output>
        </test-method> <!-- setup -->
        <test-method signature="verifyLoginPageTtitle()[pri:0, instance:com.nandini.automation.tests.LoginTests@525f1e4e]" started-at="2026-03-13T14:01:34 IST" name="verifyLoginPageTtitle" finished-at="2026-03-13T14:01:34 IST" duration-ms="8" status="PASS">
          <reporter-output>
          </reporter-output>
        </test-method> <!-- verifyLoginPageTtitle -->
        <test-method is-config="true" signature="teardown()[pri:0, instance:com.nandini.automation.tests.LoginTests@525f1e4e]" started-at="2026-03-13T14:01:34 IST" name="teardown" finished-at="2026-03-13T14:01:35 IST" duration-ms="87" status="PASS">
          <reporter-output>
          </reporter-output>
        </test-method> <!-- teardown -->
      </class> <!-- com.nandini.automation.tests.LoginTests -->
    </test> <!-- Surefire test -->
  </suite> <!-- Surefire suite -->
</testng-results>
